<?xml version="1.0" encoding="UTF-8"?>
<testsuite xmlns:xsi="http://www.w3.org/2001/XMLSchema-instance" xsi:noNamespaceSchemaLocation="https://maven.apache.org/surefire/maven-surefire-plugin/xsd/surefire-test-report-3.0.xsd" version="3.0" name="TestExample" time="0.145" tests="1" errors="1" skipped="0" failures="0">
  <properties>
    <property name="java.specification.version" value="22"/>
    <property name="sun.cpu.isalist" value="amd64"/>
    <property name="sun.jnu.encoding" value="Cp1255"/>
    <property name="java.class.path" value="C:\AutomationInfrastructure\target\test-classes;C:\AutomationInfrastructure\target\classes;C:\Users\user\.m2\repository\org\junit\jupiter\junit-jupiter\5.10.2\junit-jupiter-5.10.2.jar;C:\Users\user\.m2\repository\org\junit\jupiter\junit-jupiter-api\5.10.2\junit-jupiter-api-5.10.2.jar;C:\Users\user\.m2\repository\org\opentest4j\opentest4j\1.3.0\opentest4j-1.3.0.jar;C:\Users\user\.m2\repository\org\junit\platform\junit-platform-commons\1.10.2\junit-platform-commons-1.10.2.jar;C:\Users\user\.m2\repository\org\junit\jupiter\junit-jupiter-params\5.10.2\junit-jupiter-params-5.10.2.jar;C:\Users\user\.m2\repository\io\github\bonigarcia\webdrivermanager\5.9.2\webdrivermanager-5.9.2.jar;C:\Users\user\.m2\repository\com\google\code\gson\gson\2.11.0\gson-2.11.0.jar;C:\Users\user\.m2\repository\com\google\errorprone\error_prone_annotations\2.27.0\error_prone_annotations-2.27.0.jar;C:\Users\user\.m2\repository\com\github\docker-java\docker-java\3.4.0\docker-java-3.4.0.jar;C:\Users\user\.m2\repository\com\github\docker-java\docker-java-core\3.4.0\docker-java-core-3.4.0.jar;C:\Users\user\.m2\repository\com\github\docker-java\docker-java-api\3.4.0\docker-java-api-3.4.0.jar;C:\Users\user\.m2\repository\org\slf4j\jcl-over-slf4j\1.7.30\jcl-over-slf4j-1.7.30.jar;C:\Users\user\.m2\repository\com\github\docker-java\docker-java-transport-httpclient5\3.4.0\docker-java-transport-httpclient5-3.4.0.jar;C:\Users\user\.m2\repository\com\github\docker-java\docker-java-transport\3.4.0\docker-java-transport-3.4.0.jar;C:\Users\user\.m2\repository\net\java\dev\jna\jna\5.13.0\jna-5.13.0.jar;C:\Users\user\.m2\repository\org\brotli\dec\0.1.2\dec-0.1.2.jar;C:\Users\user\.m2\repository\org\apache\commons\commons-lang3\3.15.0\commons-lang3-3.15.0.jar;C:\Users\user\.m2\repository\org\apache\commons\commons-compress\1.26.2\commons-compress-1.26.2.jar;C:\Users\user\.m2\repository\commons-codec\commons-codec\1.17.0\commons-codec-1.17.0.jar;C:\Users\user\.m2\repository\commons-io\commons-io\2.16.1\commons-io-2.16.1.jar;C:\Users\user\.m2\repository\org\apache\httpcomponents\client5\httpclient5\5.2.1\httpclient5-5.2.1.jar;C:\Users\user\.m2\repository\org\apache\httpcomponents\core5\httpcore5\5.2\httpcore5-5.2.jar;C:\Users\user\.m2\repository\org\apache\httpcomponents\core5\httpcore5-h2\5.2\httpcore5-h2-5.2.jar;C:\Users\user\.m2\repository\org\seleniumhq\selenium\selenium-java\3.141.59\selenium-java-3.141.59.jar;C:\Users\user\.m2\repository\org\seleniumhq\selenium\selenium-api\3.141.59\selenium-api-3.141.59.jar;C:\Users\user\.m2\repository\org\seleniumhq\selenium\selenium-chrome-driver\3.141.59\selenium-chrome-driver-3.141.59.jar;C:\Users\user\.m2\repository\org\seleniumhq\selenium\selenium-edge-driver\3.141.59\selenium-edge-driver-3.141.59.jar;C:\Users\user\.m2\repository\org\seleniumhq\selenium\selenium-firefox-driver\3.141.59\selenium-firefox-driver-3.141.59.jar;C:\Users\user\.m2\repository\org\seleniumhq\selenium\selenium-ie-driver\3.141.59\selenium-ie-driver-3.141.59.jar;C:\Users\user\.m2\repository\org\seleniumhq\selenium\selenium-opera-driver\3.141.59\selenium-opera-driver-3.141.59.jar;C:\Users\user\.m2\repository\org\seleniumhq\selenium\selenium-remote-driver\3.141.59\selenium-remote-driver-3.141.59.jar;C:\Users\user\.m2\repository\org\seleniumhq\selenium\selenium-safari-driver\3.141.59\selenium-safari-driver-3.141.59.jar;C:\Users\user\.m2\repository\org\seleniumhq\selenium\selenium-support\3.141.59\selenium-support-3.141.59.jar;C:\Users\user\.m2\repository\net\bytebuddy\byte-buddy\1.8.15\byte-buddy-1.8.15.jar;C:\Users\user\.m2\repository\org\apache\commons\commons-exec\1.3\commons-exec-1.3.jar;C:\Users\user\.m2\repository\com\google\guava\guava\25.0-jre\guava-25.0-jre.jar;C:\Users\user\.m2\repository\org\checkerframework\checker-compat-qual\2.0.0\checker-compat-qual-2.0.0.jar;C:\Users\user\.m2\repository\com\google\j2objc\j2objc-annotations\1.1\j2objc-annotations-1.1.jar;C:\Users\user\.m2\repository\org\codehaus\mojo\animal-sniffer-annotations\1.14\animal-sniffer-annotations-1.14.jar;C:\Users\user\.m2\repository\com\squareup\okhttp3\okhttp\3.11.0\okhttp-3.11.0.jar;C:\Users\user\.m2\repository\com\squareup\okio\okio\1.14.0\okio-1.14.0.jar;C:\Users\user\.m2\repository\org\slf4j\slf4j-api\2.0.9\slf4j-api-2.0.9.jar;C:\Users\user\.m2\repository\org\projectlombok\lombok\1.18.30\lombok-1.18.30.jar;C:\Users\user\.m2\repository\com\epam\reportportal\client-java\5.2.13\client-java-5.2.13.jar;C:\Users\user\.m2\repository\com\epam\reportportal\commons-model\5.0.0\commons-model-5.0.0.jar;C:\Users\user\.m2\repository\io\swagger\swagger-annotations\1.5.24\swagger-annotations-1.5.24.jar;C:\Users\user\.m2\repository\javax\validation\validation-api\2.0.1.Final\validation-api-2.0.1.Final.jar;C:\Users\user\.m2\repository\com\fasterxml\jackson\core\jackson-databind\2.12.7.1\jackson-databind-2.12.7.1.jar;C:\Users\user\.m2\repository\com\fasterxml\jackson\core\jackson-annotations\2.12.7\jackson-annotations-2.12.7.jar;C:\Users\user\.m2\repository\com\fasterxml\jackson\core\jackson-core\2.12.7\jackson-core-2.12.7.jar;C:\Users\user\.m2\repository\io\reactivex\rxjava2\rxjava\2.2.10\rxjava-2.2.10.jar;C:\Users\user\.m2\repository\org\reactivestreams\reactive-streams\1.0.2\reactive-streams-1.0.2.jar;C:\Users\user\.m2\repository\com\google\code\findbugs\jsr305\3.0.2\jsr305-3.0.2.jar;C:\Users\user\.m2\repository\com\squareup\retrofit2\retrofit\2.9.0\retrofit-2.9.0.jar;C:\Users\user\.m2\repository\com\squareup\retrofit2\converter-scalars\2.9.0\converter-scalars-2.9.0.jar;C:\Users\user\.m2\repository\com\squareup\retrofit2\converter-jackson\2.9.0\converter-jackson-2.9.0.jar;C:\Users\user\.m2\repository\com\squareup\retrofit2\adapter-rxjava2\2.9.0\adapter-rxjava2-2.9.0.jar;C:\Users\user\.m2\repository\com\squareup\okhttp3\logging-interceptor\4.12.0\logging-interceptor-4.12.0.jar;C:\Users\user\.m2\repository\org\jetbrains\kotlin\kotlin-stdlib-jdk8\1.8.21\kotlin-stdlib-jdk8-1.8.21.jar;C:\Users\user\.m2\repository\org\jetbrains\kotlin\kotlin-stdlib\1.8.21\kotlin-stdlib-1.8.21.jar;C:\Users\user\.m2\repository\org\jetbrains\kotlin\kotlin-stdlib-common\1.8.21\kotlin-stdlib-common-1.8.21.jar;C:\Users\user\.m2\repository\org\jetbrains\annotations\13.0\annotations-13.0.jar;C:\Users\user\.m2\repository\org\jetbrains\kotlin\kotlin-stdlib-jdk7\1.8.21\kotlin-stdlib-jdk7-1.8.21.jar;C:\Users\user\.m2\repository\org\aspectj\aspectjrt\1.9.19\aspectjrt-1.9.19.jar;C:\Users\user\.m2\repository\org\aspectj\aspectjweaver\1.9.19\aspectjweaver-1.9.19.jar;C:\Users\user\.m2\repository\org\slf4j\slf4j-simple\1.7.32\slf4j-simple-1.7.32.jar;C:\Users\user\.m2\repository\com\epam\reportportal\agent-java-junit5\5.3.3\agent-java-junit5-5.3.3.jar;C:\Users\user\.m2\repository\com\epam\reportportal\logger-java-logback\5.2.2\logger-java-logback-5.2.2.jar;C:\Users\user\.m2\repository\io\quarkus\quarkus-junit5\3.16.0\quarkus-junit5-3.16.0.jar;C:\Users\user\.m2\repository\io\quarkus\quarkus-bootstrap-core\3.16.0\quarkus-bootstrap-core-3.16.0.jar;C:\Users\user\.m2\repository\io\quarkus\quarkus-classloader-commons\3.16.0\quarkus-classloader-commons-3.16.0.jar;C:\Users\user\.m2\repository\io\quarkus\quarkus-bootstrap-app-model\3.16.0\quarkus-bootstrap-app-model-3.16.0.jar;C:\Users\user\.m2\repository\io\smallrye\common\smallrye-common-io\2.7.0\smallrye-common-io-2.7.0.jar;C:\Users\user\.m2\repository\org\eclipse\sisu\org.eclipse.sisu.inject\0.9.0.M3\org.eclipse.sisu.inject-0.9.0.M3.jar;C:\Users\user\.m2\repository\io\quarkus\quarkus-test-common\3.16.0\quarkus-test-common-3.16.0.jar;C:\Users\user\.m2\repository\io\quarkus\quarkus-core-deployment\3.16.0\quarkus-core-deployment-3.16.0.jar;C:\Users\user\.m2\repository\org\aesh\readline\2.6\readline-2.6.jar;C:\Users\user\.m2\repository\org\fusesource\jansi\jansi\2.4.0\jansi-2.4.0.jar;C:\Users\user\.m2\repository\org\aesh\aesh\2.8.2\aesh-2.8.2.jar;C:\Users\user\.m2\repository\io\quarkus\gizmo\gizmo\1.8.0\gizmo-1.8.0.jar;C:\Users\user\.m2\repository\org\ow2\asm\asm-util\9.6\asm-util-9.6.jar;C:\Users\user\.m2\repository\org\ow2\asm\asm-analysis\9.6\asm-analysis-9.6.jar;C:\Users\user\.m2\repository\org\ow2\asm\asm\9.7.1\asm-9.7.1.jar;C:\Users\user\.m2\repository\org\ow2\asm\asm-commons\9.7.1\asm-commons-9.7.1.jar;C:\Users\user\.m2\repository\org\ow2\asm\asm-tree\9.7.1\asm-tree-9.7.1.jar;C:\Users\user\.m2\repository\io\quarkus\quarkus-hibernate-validator-spi\3.16.0\quarkus-hibernate-validator-spi-3.16.0.jar;C:\Users\user\.m2\repository\io\quarkus\quarkus-class-change-agent\3.16.0\quarkus-class-change-agent-3.16.0.jar;C:\Users\user\.m2\repository\io\quarkus\quarkus-devtools-utilities\3.16.0\quarkus-devtools-utilities-3.16.0.jar;C:\Users\user\.m2\repository\io\quarkus\quarkus-builder\3.16.0\quarkus-builder-3.16.0.jar;C:\Users\user\.m2\repository\org\graalvm\sdk\nativeimage\23.1.2\nativeimage-23.1.2.jar;C:\Users\user\.m2\repository\org\graalvm\sdk\word\23.1.2\word-23.1.2.jar;C:\Users\user\.m2\repository\org\junit\platform\junit-platform-launcher\1.10.2\junit-platform-launcher-1.10.2.jar;C:\Users\user\.m2\repository\io\quarkus\quarkus-bootstrap-maven-resolver\3.16.0\quarkus-bootstrap-maven-resolver-3.16.0.jar;C:\Users\user\.m2\repository\io\smallrye\beanbag\smallrye-beanbag-maven\1.5.2\smallrye-beanbag-maven-1.5.2.jar;C:\Users\user\.m2\repository\io\smallrye\beanbag\smallrye-beanbag-sisu\1.5.2\smallrye-beanbag-sisu-1.5.2.jar;C:\Users\user\.m2\repository\io\smallrye\beanbag\smallrye-beanbag\1.5.2\smallrye-beanbag-1.5.2.jar;C:\Users\user\.m2\repository\javax\inject\javax.inject\1\javax.inject-1.jar;C:\Users\user\.m2\repository\org\apache\httpcomponents\httpclient\4.5.14\httpclient-4.5.14.jar;C:\Users\user\.m2\repository\org\apache\httpcomponents\httpcore\4.4.16\httpcore-4.4.16.jar;C:\Users\user\.m2\repository\org\apache\maven\maven-artifact\3.9.8\maven-artifact-3.9.8.jar;C:\Users\user\.m2\repository\org\apache\maven\maven-builder-support\3.9.8\maven-builder-support-3.9.8.jar;C:\Users\user\.m2\repository\org\apache\maven\maven-model\3.9.8\maven-model-3.9.8.jar;C:\Users\user\.m2\repository\org\apache\maven\maven-model-builder\3.9.8\maven-model-builder-3.9.8.jar;C:\Users\user\.m2\repository\org\apache\maven\maven-repository-metadata\3.9.8\maven-repository-metadata-3.9.8.jar;C:\Users\user\.m2\repository\org\apache\maven\maven-settings\3.9.8\maven-settings-3.9.8.jar;C:\Users\user\.m2\repository\org\apache\maven\resolver\maven-resolver-api\1.9.20\maven-resolver-api-1.9.20.jar;C:\Users\user\.m2\repository\org\apache\maven\resolver\maven-resolver-impl\1.9.20\maven-resolver-impl-1.9.20.jar;C:\Users\user\.m2\repository\org\apache\maven\resolver\maven-resolver-named-locks\1.9.20\maven-resolver-named-locks-1.9.20.jar;C:\Users\user\.m2\repository\org\apache\maven\resolver\maven-resolver-spi\1.9.20\maven-resolver-spi-1.9.20.jar;C:\Users\user\.m2\repository\org\apache\maven\resolver\maven-resolver-util\1.9.20\maven-resolver-util-1.9.20.jar;C:\Users\user\.m2\repository\org\apache\maven\resolver\maven-resolver-transport-http\1.9.20\maven-resolver-transport-http-1.9.20.jar;C:\Users\user\.m2\repository\org\apache\maven\wagon\wagon-provider-api\3.5.3\wagon-provider-api-3.5.3.jar;C:\Users\user\.m2\repository\org\apache\maven\wagon\wagon-http-shared\3.5.3\wagon-http-shared-3.5.3.jar;C:\Users\user\.m2\repository\org\codehaus\plexus\plexus-interpolation\1.27\plexus-interpolation-1.27.jar;C:\Users\user\.m2\repository\org\codehaus\plexus\plexus-utils\4.0.1\plexus-utils-4.0.1.jar;C:\Users\user\.m2\repository\org\codehaus\plexus\plexus-xml\4.0.1\plexus-xml-4.0.1.jar;C:\Users\user\.m2\repository\org\apache\maven\maven-xml-impl\4.0.0-alpha-5\maven-xml-impl-4.0.0-alpha-5.jar;C:\Users\user\.m2\repository\org\apache\maven\maven-api-xml\4.0.0-alpha-5\maven-api-xml-4.0.0-alpha-5.jar;C:\Users\user\.m2\repository\org\apache\maven\maven-api-meta\4.0.0-alpha-5\maven-api-meta-4.0.0-alpha-5.jar;C:\Users\user\.m2\repository\org\codehaus\plexus\plexus-cipher\2.1.0\plexus-cipher-2.1.0.jar;C:\Users\user\.m2\repository\org\codehaus\plexus\plexus-sec-dispatcher\2.0\plexus-sec-dispatcher-2.0.jar;C:\Users\user\.m2\repository\org\apache\maven\maven-embedder\3.9.9\maven-embedder-3.9.9.jar;C:\Users\user\.m2\repository\org\apache\maven\maven-core\3.9.9\maven-core-3.9.9.jar;C:\Users\user\.m2\repository\org\codehaus\plexus\plexus-component-annotations\2.1.0\plexus-component-annotations-2.1.0.jar;C:\Users\user\.m2\repository\org\apache\maven\maven-plugin-api\3.9.9\maven-plugin-api-3.9.9.jar;C:\Users\user\.m2\repository\org\apache\maven\shared\maven-shared-utils\3.4.2\maven-shared-utils-3.4.2.jar;C:\Users\user\.m2\repository\com\google\inject\guice\5.1.0\guice-5.1.0.jar;C:\Users\user\.m2\repository\aopalliance\aopalliance\1.0\aopalliance-1.0.jar;C:\Users\user\.m2\repository\com\google\guava\failureaccess\1.0.2\failureaccess-1.0.2.jar;C:\Users\user\.m2\repository\javax\annotation\javax.annotation-api\1.3.2\javax.annotation-api-1.3.2.jar;C:\Users\user\.m2\repository\org\codehaus\plexus\plexus-classworlds\2.8.0\plexus-classworlds-2.8.0.jar;C:\Users\user\.m2\repository\commons-cli\commons-cli\1.8.0\commons-cli-1.8.0.jar;C:\Users\user\.m2\repository\org\eclipse\sisu\org.eclipse.sisu.plexus\0.9.0.M3\org.eclipse.sisu.plexus-0.9.0.M3.jar;C:\Users\user\.m2\repository\org\apache\maven\maven-settings-builder\3.9.9\maven-settings-builder-3.9.9.jar;C:\Users\user\.m2\repository\org\apache\maven\maven-resolver-provider\3.9.9\maven-resolver-provider-3.9.9.jar;C:\Users\user\.m2\repository\org\apache\maven\resolver\maven-resolver-connector-basic\1.9.22\maven-resolver-connector-basic-1.9.22.jar;C:\Users\user\.m2\repository\org\apache\maven\resolver\maven-resolver-transport-wagon\1.9.22\maven-resolver-transport-wagon-1.9.22.jar;C:\Users\user\.m2\repository\org\apache\maven\wagon\wagon-http\3.5.3\wagon-http-3.5.3.jar;C:\Users\user\.m2\repository\org\apache\maven\wagon\wagon-file\3.5.3\wagon-file-3.5.3.jar;C:\Users\user\.m2\repository\io\quarkus\quarkus-bootstrap-gradle-resolver\3.16.0\quarkus-bootstrap-gradle-resolver-3.16.0.jar;C:\Users\user\.m2\repository\io\smallrye\jandex\3.2.2\jandex-3.2.2.jar;C:\Users\user\.m2\repository\org\jboss\logging\commons-logging-jboss-logging\1.0.0.Final\commons-logging-jboss-logging-1.0.0.Final.jar;C:\Users\user\.m2\repository\io\quarkus\quarkus-junit5-properties\3.16.0\quarkus-junit5-properties-3.16.0.jar;C:\Users\user\.m2\repository\io\quarkus\quarkus-core\3.16.0\quarkus-core-3.16.0.jar;C:\Users\user\.m2\repository\jakarta\annotation\jakarta.annotation-api\3.0.0\jakarta.annotation-api-3.0.0.jar;C:\Users\user\.m2\repository\jakarta\enterprise\jakarta.enterprise.cdi-api\4.1.0\jakarta.enterprise.cdi-api-4.1.0.jar;C:\Users\user\.m2\repository\jakarta\enterprise\jakarta.enterprise.lang-model\4.1.0\jakarta.enterprise.lang-model-4.1.0.jar;C:\Users\user\.m2\repository\jakarta\el\jakarta.el-api\6.0.0\jakarta.el-api-6.0.0.jar;C:\Users\user\.m2\repository\jakarta\interceptor\jakarta.interceptor-api\2.2.0\jakarta.interceptor-api-2.2.0.jar;C:\Users\user\.m2\repository\jakarta\inject\jakarta.inject-api\2.0.1\jakarta.inject-api-2.0.1.jar;C:\Users\user\.m2\repository\io\smallrye\common\smallrye-common-os\2.7.0\smallrye-common-os-2.7.0.jar;C:\Users\user\.m2\repository\io\quarkus\quarkus-ide-launcher\3.16.0\quarkus-ide-launcher-3.16.0.jar;C:\Users\user\.m2\repository\io\quarkus\quarkus-development-mode-spi\3.16.0\quarkus-development-mode-spi-3.16.0.jar;C:\Users\user\.m2\repository\io\smallrye\config\smallrye-config\3.9.1\smallrye-config-3.9.1.jar;C:\Users\user\.m2\repository\io\smallrye\config\smallrye-config-core\3.9.1\smallrye-config-core-3.9.1.jar;C:\Users\user\.m2\repository\org\eclipse\microprofile\config\microprofile-config-api\3.1\microprofile-config-api-3.1.jar;C:\Users\user\.m2\repository\io\smallrye\common\smallrye-common-classloader\2.4.0\smallrye-common-classloader-2.4.0.jar;C:\Users\user\.m2\repository\io\smallrye\config\smallrye-config-common\3.9.1\smallrye-config-common-3.9.1.jar;C:\Users\user\.m2\repository\org\jboss\logging\jboss-logging\3.6.1.Final\jboss-logging-3.6.1.Final.jar;C:\Users\user\.m2\repository\org\jboss\logmanager\jboss-logmanager\3.0.6.Final\jboss-logmanager-3.0.6.Final.jar;C:\Users\user\.m2\repository\io\smallrye\common\smallrye-common-constraint\2.2.0\smallrye-common-constraint-2.2.0.jar;C:\Users\user\.m2\repository\io\smallrye\common\smallrye-common-cpu\2.2.0\smallrye-common-cpu-2.2.0.jar;C:\Users\user\.m2\repository\io\smallrye\common\smallrye-common-expression\2.2.0\smallrye-common-expression-2.2.0.jar;C:\Users\user\.m2\repository\io\smallrye\common\smallrye-common-net\2.2.0\smallrye-common-net-2.2.0.jar;C:\Users\user\.m2\repository\io\smallrye\common\smallrye-common-ref\2.2.0\smallrye-common-ref-2.2.0.jar;C:\Users\user\.m2\repository\jakarta\json\jakarta.json-api\2.1.3\jakarta.json-api-2.1.3.jar;C:\Users\user\.m2\repository\org\eclipse\parsson\parsson\1.1.6\parsson-1.1.6.jar;C:\Users\user\.m2\repository\org\jboss\logging\jboss-logging-annotations\3.0.2.Final\jboss-logging-annotations-3.0.2.Final.jar;C:\Users\user\.m2\repository\org\jboss\threads\jboss-threads\3.8.0.Final\jboss-threads-3.8.0.Final.jar;C:\Users\user\.m2\repository\io\smallrye\common\smallrye-common-annotation\2.6.0\smallrye-common-annotation-2.6.0.jar;C:\Users\user\.m2\repository\io\smallrye\common\smallrye-common-function\2.6.0\smallrye-common-function-2.6.0.jar;C:\Users\user\.m2\repository\org\jboss\slf4j\slf4j-jboss-logmanager\2.0.0.Final\slf4j-jboss-logmanager-2.0.0.Final.jar;C:\Users\user\.m2\repository\org\wildfly\common\wildfly-common\1.7.0.Final\wildfly-common-1.7.0.Final.jar;C:\Users\user\.m2\repository\io\quarkus\quarkus-bootstrap-runner\3.16.0\quarkus-bootstrap-runner-3.16.0.jar;C:\Users\user\.m2\repository\io\github\crac\org-crac\0.1.3\org-crac-0.1.3.jar;C:\Users\user\.m2\repository\io\quarkus\quarkus-fs-util\0.0.10\quarkus-fs-util-0.0.10.jar;C:\Users\user\.m2\repository\org\jboss\marshalling\jboss-marshalling\2.2.1.Final\jboss-marshalling-2.2.1.Final.jar;C:\Users\user\.m2\repository\org\junit\jupiter\junit-jupiter-engine\5.8.1\junit-jupiter-engine-5.8.1.jar;C:\Users\user\.m2\repository\org\junit\platform\junit-platform-engine\1.10.2\junit-platform-engine-1.10.2.jar;C:\Users\user\.m2\repository\org\apiguardian\apiguardian-api\1.1.2\apiguardian-api-1.1.2.jar;"/>
    <property name="java.vm.vendor" value="Oracle Corporation"/>
    <property name="sun.arch.data.model" value="64"/>
    <property name="user.variant" value=""/>
    <property name="java.vendor.url" value="https://java.oracle.com/"/>
    <property name="user.timezone" value="Asia/Jerusalem"/>
    <property name="os.name" value="Windows 10"/>
    <property name="java.vm.specification.version" value="22"/>
    <property name="sun.java.launcher" value="SUN_STANDARD"/>
    <property name="user.country" value="IL"/>
    <property name="sun.boot.library.path" value="C:\Program Files\Java\jdk-22.0.2\bin"/>
    <property name="sun.java.command" value="C:\Users\user\AppData\Local\Temp\surefire14772235568613161096\surefirebooter1570884432670477744.jar C:\Users\user\AppData\Local\Temp\surefire14772235568613161096 2024-11-05T11-39-25_270-jvmRun1 surefire16177734776103461785tmp surefire_03270552378415279450tmp"/>
    <property name="jdk.debug" value="release"/>
    <property name="surefire.test.class.path" value="C:\AutomationInfrastructure\target\test-classes;C:\AutomationInfrastructure\target\classes;C:\Users\user\.m2\repository\org\junit\jupiter\junit-jupiter\5.10.2\junit-jupiter-5.10.2.jar;C:\Users\user\.m2\repository\org\junit\jupiter\junit-jupiter-api\5.10.2\junit-jupiter-api-5.10.2.jar;C:\Users\user\.m2\repository\org\opentest4j\opentest4j\1.3.0\opentest4j-1.3.0.jar;C:\Users\user\.m2\repository\org\junit\platform\junit-platform-commons\1.10.2\junit-platform-commons-1.10.2.jar;C:\Users\user\.m2\repository\org\junit\jupiter\junit-jupiter-params\5.10.2\junit-jupiter-params-5.10.2.jar;C:\Users\user\.m2\repository\io\github\bonigarcia\webdrivermanager\5.9.2\webdrivermanager-5.9.2.jar;C:\Users\user\.m2\repository\com\google\code\gson\gson\2.11.0\gson-2.11.0.jar;C:\Users\user\.m2\repository\com\google\errorprone\error_prone_annotations\2.27.0\error_prone_annotations-2.27.0.jar;C:\Users\user\.m2\repository\com\github\docker-java\docker-java\3.4.0\docker-java-3.4.0.jar;C:\Users\user\.m2\repository\com\github\docker-java\docker-java-core\3.4.0\docker-java-core-3.4.0.jar;C:\Users\user\.m2\repository\com\github\docker-java\docker-java-api\3.4.0\docker-java-api-3.4.0.jar;C:\Users\user\.m2\repository\org\slf4j\jcl-over-slf4j\1.7.30\jcl-over-slf4j-1.7.30.jar;C:\Users\user\.m2\repository\com\github\docker-java\docker-java-transport-httpclient5\3.4.0\docker-java-transport-httpclient5-3.4.0.jar;C:\Users\user\.m2\repository\com\github\docker-java\docker-java-transport\3.4.0\docker-java-transport-3.4.0.jar;C:\Users\user\.m2\repository\net\java\dev\jna\jna\5.13.0\jna-5.13.0.jar;C:\Users\user\.m2\repository\org\brotli\dec\0.1.2\dec-0.1.2.jar;C:\Users\user\.m2\repository\org\apache\commons\commons-lang3\3.15.0\commons-lang3-3.15.0.jar;C:\Users\user\.m2\repository\org\apache\commons\commons-compress\1.26.2\commons-compress-1.26.2.jar;C:\Users\user\.m2\repository\commons-codec\commons-codec\1.17.0\commons-codec-1.17.0.jar;C:\Users\user\.m2\repository\commons-io\commons-io\2.16.1\commons-io-2.16.1.jar;C:\Users\user\.m2\repository\org\apache\httpcomponents\client5\httpclient5\5.2.1\httpclient5-5.2.1.jar;C:\Users\user\.m2\repository\org\apache\httpcomponents\core5\httpcore5\5.2\httpcore5-5.2.jar;C:\Users\user\.m2\repository\org\apache\httpcomponents\core5\httpcore5-h2\5.2\httpcore5-h2-5.2.jar;C:\Users\user\.m2\repository\org\seleniumhq\selenium\selenium-java\3.141.59\selenium-java-3.141.59.jar;C:\Users\user\.m2\repository\org\seleniumhq\selenium\selenium-api\3.141.59\selenium-api-3.141.59.jar;C:\Users\user\.m2\repository\org\seleniumhq\selenium\selenium-chrome-driver\3.141.59\selenium-chrome-driver-3.141.59.jar;C:\Users\user\.m2\repository\org\seleniumhq\selenium\selenium-edge-driver\3.141.59\selenium-edge-driver-3.141.59.jar;C:\Users\user\.m2\repository\org\seleniumhq\selenium\selenium-firefox-driver\3.141.59\selenium-firefox-driver-3.141.59.jar;C:\Users\user\.m2\repository\org\seleniumhq\selenium\selenium-ie-driver\3.141.59\selenium-ie-driver-3.141.59.jar;C:\Users\user\.m2\repository\org\seleniumhq\selenium\selenium-opera-driver\3.141.59\selenium-opera-driver-3.141.59.jar;C:\Users\user\.m2\repository\org\seleniumhq\selenium\selenium-remote-driver\3.141.59\selenium-remote-driver-3.141.59.jar;C:\Users\user\.m2\repository\org\seleniumhq\selenium\selenium-safari-driver\3.141.59\selenium-safari-driver-3.141.59.jar;C:\Users\user\.m2\repository\org\seleniumhq\selenium\selenium-support\3.141.59\selenium-support-3.141.59.jar;C:\Users\user\.m2\repository\net\bytebuddy\byte-buddy\1.8.15\byte-buddy-1.8.15.jar;C:\Users\user\.m2\repository\org\apache\commons\commons-exec\1.3\commons-exec-1.3.jar;C:\Users\user\.m2\repository\com\google\guava\guava\25.0-jre\guava-25.0-jre.jar;C:\Users\user\.m2\repository\org\checkerframework\checker-compat-qual\2.0.0\checker-compat-qual-2.0.0.jar;C:\Users\user\.m2\repository\com\google\j2objc\j2objc-annotations\1.1\j2objc-annotations-1.1.jar;C:\Users\user\.m2\repository\org\codehaus\mojo\animal-sniffer-annotations\1.14\animal-sniffer-annotations-1.14.jar;C:\Users\user\.m2\repository\com\squareup\okhttp3\okhttp\3.11.0\okhttp-3.11.0.jar;C:\Users\user\.m2\repository\com\squareup\okio\okio\1.14.0\okio-1.14.0.jar;C:\Users\user\.m2\repository\org\slf4j\slf4j-api\2.0.9\slf4j-api-2.0.9.jar;C:\Users\user\.m2\repository\org\projectlombok\lombok\1.18.30\lombok-1.18.30.jar;C:\Users\user\.m2\repository\com\epam\reportportal\client-java\5.2.13\client-java-5.2.13.jar;C:\Users\user\.m2\repository\com\epam\reportportal\commons-model\5.0.0\commons-model-5.0.0.jar;C:\Users\user\.m2\repository\io\swagger\swagger-annotations\1.5.24\swagger-annotations-1.5.24.jar;C:\Users\user\.m2\repository\javax\validation\validation-api\2.0.1.Final\validation-api-2.0.1.Final.jar;C:\Users\user\.m2\repository\com\fasterxml\jackson\core\jackson-databind\2.12.7.1\jackson-databind-2.12.7.1.jar;C:\Users\user\.m2\repository\com\fasterxml\jackson\core\jackson-annotations\2.12.7\jackson-annotations-2.12.7.jar;C:\Users\user\.m2\repository\com\fasterxml\jackson\core\jackson-core\2.12.7\jackson-core-2.12.7.jar;C:\Users\user\.m2\repository\io\reactivex\rxjava2\rxjava\2.2.10\rxjava-2.2.10.jar;C:\Users\user\.m2\repository\org\reactivestreams\reactive-streams\1.0.2\reactive-streams-1.0.2.jar;C:\Users\user\.m2\repository\com\google\code\findbugs\jsr305\3.0.2\jsr305-3.0.2.jar;C:\Users\user\.m2\repository\com\squareup\retrofit2\retrofit\2.9.0\retrofit-2.9.0.jar;C:\Users\user\.m2\repository\com\squareup\retrofit2\converter-scalars\2.9.0\converter-scalars-2.9.0.jar;C:\Users\user\.m2\repository\com\squareup\retrofit2\converter-jackson\2.9.0\converter-jackson-2.9.0.jar;C:\Users\user\.m2\repository\com\squareup\retrofit2\adapter-rxjava2\2.9.0\adapter-rxjava2-2.9.0.jar;C:\Users\user\.m2\repository\com\squareup\okhttp3\logging-interceptor\4.12.0\logging-interceptor-4.12.0.jar;C:\Users\user\.m2\repository\org\jetbrains\kotlin\kotlin-stdlib-jdk8\1.8.21\kotlin-stdlib-jdk8-1.8.21.jar;C:\Users\user\.m2\repository\org\jetbrains\kotlin\kotlin-stdlib\1.8.21\kotlin-stdlib-1.8.21.jar;C:\Users\user\.m2\repository\org\jetbrains\kotlin\kotlin-stdlib-common\1.8.21\kotlin-stdlib-common-1.8.21.jar;C:\Users\user\.m2\repository\org\jetbrains\annotations\13.0\annotations-13.0.jar;C:\Users\user\.m2\repository\org\jetbrains\kotlin\kotlin-stdlib-jdk7\1.8.21\kotlin-stdlib-jdk7-1.8.21.jar;C:\Users\user\.m2\repository\org\aspectj\aspectjrt\1.9.19\aspectjrt-1.9.19.jar;C:\Users\user\.m2\repository\org\aspectj\aspectjweaver\1.9.19\aspectjweaver-1.9.19.jar;C:\Users\user\.m2\repository\org\slf4j\slf4j-simple\1.7.32\slf4j-simple-1.7.32.jar;C:\Users\user\.m2\repository\com\epam\reportportal\agent-java-junit5\5.3.3\agent-java-junit5-5.3.3.jar;C:\Users\user\.m2\repository\com\epam\reportportal\logger-java-logback\5.2.2\logger-java-logback-5.2.2.jar;C:\Users\user\.m2\repository\io\quarkus\quarkus-junit5\3.16.0\quarkus-junit5-3.16.0.jar;C:\Users\user\.m2\repository\io\quarkus\quarkus-bootstrap-core\3.16.0\quarkus-bootstrap-core-3.16.0.jar;C:\Users\user\.m2\repository\io\quarkus\quarkus-classloader-commons\3.16.0\quarkus-classloader-commons-3.16.0.jar;C:\Users\user\.m2\repository\io\quarkus\quarkus-bootstrap-app-model\3.16.0\quarkus-bootstrap-app-model-3.16.0.jar;C:\Users\user\.m2\repository\io\smallrye\common\smallrye-common-io\2.7.0\smallrye-common-io-2.7.0.jar;C:\Users\user\.m2\repository\org\eclipse\sisu\org.eclipse.sisu.inject\0.9.0.M3\org.eclipse.sisu.inject-0.9.0.M3.jar;C:\Users\user\.m2\repository\io\quarkus\quarkus-test-common\3.16.0\quarkus-test-common-3.16.0.jar;C:\Users\user\.m2\repository\io\quarkus\quarkus-core-deployment\3.16.0\quarkus-core-deployment-3.16.0.jar;C:\Users\user\.m2\repository\org\aesh\readline\2.6\readline-2.6.jar;C:\Users\user\.m2\repository\org\fusesource\jansi\jansi\2.4.0\jansi-2.4.0.jar;C:\Users\user\.m2\repository\org\aesh\aesh\2.8.2\aesh-2.8.2.jar;C:\Users\user\.m2\repository\io\quarkus\gizmo\gizmo\1.8.0\gizmo-1.8.0.jar;C:\Users\user\.m2\repository\org\ow2\asm\asm-util\9.6\asm-util-9.6.jar;C:\Users\user\.m2\repository\org\ow2\asm\asm-analysis\9.6\asm-analysis-9.6.jar;C:\Users\user\.m2\repository\org\ow2\asm\asm\9.7.1\asm-9.7.1.jar;C:\Users\user\.m2\repository\org\ow2\asm\asm-commons\9.7.1\asm-commons-9.7.1.jar;C:\Users\user\.m2\repository\org\ow2\asm\asm-tree\9.7.1\asm-tree-9.7.1.jar;C:\Users\user\.m2\repository\io\quarkus\quarkus-hibernate-validator-spi\3.16.0\quarkus-hibernate-validator-spi-3.16.0.jar;C:\Users\user\.m2\repository\io\quarkus\quarkus-class-change-agent\3.16.0\quarkus-class-change-agent-3.16.0.jar;C:\Users\user\.m2\repository\io\quarkus\quarkus-devtools-utilities\3.16.0\quarkus-devtools-utilities-3.16.0.jar;C:\Users\user\.m2\repository\io\quarkus\quarkus-builder\3.16.0\quarkus-builder-3.16.0.jar;C:\Users\user\.m2\repository\org\graalvm\sdk\nativeimage\23.1.2\nativeimage-23.1.2.jar;C:\Users\user\.m2\repository\org\graalvm\sdk\word\23.1.2\word-23.1.2.jar;C:\Users\user\.m2\repository\org\junit\platform\junit-platform-launcher\1.10.2\junit-platform-launcher-1.10.2.jar;C:\Users\user\.m2\repository\io\quarkus\quarkus-bootstrap-maven-resolver\3.16.0\quarkus-bootstrap-maven-resolver-3.16.0.jar;C:\Users\user\.m2\repository\io\smallrye\beanbag\smallrye-beanbag-maven\1.5.2\smallrye-beanbag-maven-1.5.2.jar;C:\Users\user\.m2\repository\io\smallrye\beanbag\smallrye-beanbag-sisu\1.5.2\smallrye-beanbag-sisu-1.5.2.jar;C:\Users\user\.m2\repository\io\smallrye\beanbag\smallrye-beanbag\1.5.2\smallrye-beanbag-1.5.2.jar;C:\Users\user\.m2\repository\javax\inject\javax.inject\1\javax.inject-1.jar;C:\Users\user\.m2\repository\org\apache\httpcomponents\httpclient\4.5.14\httpclient-4.5.14.jar;C:\Users\user\.m2\repository\org\apache\httpcomponents\httpcore\4.4.16\httpcore-4.4.16.jar;C:\Users\user\.m2\repository\org\apache\maven\maven-artifact\3.9.8\maven-artifact-3.9.8.jar;C:\Users\user\.m2\repository\org\apache\maven\maven-builder-support\3.9.8\maven-builder-support-3.9.8.jar;C:\Users\user\.m2\repository\org\apache\maven\maven-model\3.9.8\maven-model-3.9.8.jar;C:\Users\user\.m2\repository\org\apache\maven\maven-model-builder\3.9.8\maven-model-builder-3.9.8.jar;C:\Users\user\.m2\repository\org\apache\maven\maven-repository-metadata\3.9.8\maven-repository-metadata-3.9.8.jar;C:\Users\user\.m2\repository\org\apache\maven\maven-settings\3.9.8\maven-settings-3.9.8.jar;C:\Users\user\.m2\repository\org\apache\maven\resolver\maven-resolver-api\1.9.20\maven-resolver-api-1.9.20.jar;C:\Users\user\.m2\repository\org\apache\maven\resolver\maven-resolver-impl\1.9.20\maven-resolver-impl-1.9.20.jar;C:\Users\user\.m2\repository\org\apache\maven\resolver\maven-resolver-named-locks\1.9.20\maven-resolver-named-locks-1.9.20.jar;C:\Users\user\.m2\repository\org\apache\maven\resolver\maven-resolver-spi\1.9.20\maven-resolver-spi-1.9.20.jar;C:\Users\user\.m2\repository\org\apache\maven\resolver\maven-resolver-util\1.9.20\maven-resolver-util-1.9.20.jar;C:\Users\user\.m2\repository\org\apache\maven\resolver\maven-resolver-transport-http\1.9.20\maven-resolver-transport-http-1.9.20.jar;C:\Users\user\.m2\repository\org\apache\maven\wagon\wagon-provider-api\3.5.3\wagon-provider-api-3.5.3.jar;C:\Users\user\.m2\repository\org\apache\maven\wagon\wagon-http-shared\3.5.3\wagon-http-shared-3.5.3.jar;C:\Users\user\.m2\repository\org\codehaus\plexus\plexus-interpolation\1.27\plexus-interpolation-1.27.jar;C:\Users\user\.m2\repository\org\codehaus\plexus\plexus-utils\4.0.1\plexus-utils-4.0.1.jar;C:\Users\user\.m2\repository\org\codehaus\plexus\plexus-xml\4.0.1\plexus-xml-4.0.1.jar;C:\Users\user\.m2\repository\org\apache\maven\maven-xml-impl\4.0.0-alpha-5\maven-xml-impl-4.0.0-alpha-5.jar;C:\Users\user\.m2\repository\org\apache\maven\maven-api-xml\4.0.0-alpha-5\maven-api-xml-4.0.0-alpha-5.jar;C:\Users\user\.m2\repository\org\apache\maven\maven-api-meta\4.0.0-alpha-5\maven-api-meta-4.0.0-alpha-5.jar;C:\Users\user\.m2\repository\org\codehaus\plexus\plexus-cipher\2.1.0\plexus-cipher-2.1.0.jar;C:\Users\user\.m2\repository\org\codehaus\plexus\plexus-sec-dispatcher\2.0\plexus-sec-dispatcher-2.0.jar;C:\Users\user\.m2\repository\org\apache\maven\maven-embedder\3.9.9\maven-embedder-3.9.9.jar;C:\Users\user\.m2\repository\org\apache\maven\maven-core\3.9.9\maven-core-3.9.9.jar;C:\Users\user\.m2\repository\org\codehaus\plexus\plexus-component-annotations\2.1.0\plexus-component-annotations-2.1.0.jar;C:\Users\user\.m2\repository\org\apache\maven\maven-plugin-api\3.9.9\maven-plugin-api-3.9.9.jar;C:\Users\user\.m2\repository\org\apache\maven\shared\maven-shared-utils\3.4.2\maven-shared-utils-3.4.2.jar;C:\Users\user\.m2\repository\com\google\inject\guice\5.1.0\guice-5.1.0.jar;C:\Users\user\.m2\repository\aopalliance\aopalliance\1.0\aopalliance-1.0.jar;C:\Users\user\.m2\repository\com\google\guava\failureaccess\1.0.2\failureaccess-1.0.2.jar;C:\Users\user\.m2\repository\javax\annotation\javax.annotation-api\1.3.2\javax.annotation-api-1.3.2.jar;C:\Users\user\.m2\repository\org\codehaus\plexus\plexus-classworlds\2.8.0\plexus-classworlds-2.8.0.jar;C:\Users\user\.m2\repository\commons-cli\commons-cli\1.8.0\commons-cli-1.8.0.jar;C:\Users\user\.m2\repository\org\eclipse\sisu\org.eclipse.sisu.plexus\0.9.0.M3\org.eclipse.sisu.plexus-0.9.0.M3.jar;C:\Users\user\.m2\repository\org\apache\maven\maven-settings-builder\3.9.9\maven-settings-builder-3.9.9.jar;C:\Users\user\.m2\repository\org\apache\maven\maven-resolver-provider\3.9.9\maven-resolver-provider-3.9.9.jar;C:\Users\user\.m2\repository\org\apache\maven\resolver\maven-resolver-connector-basic\1.9.22\maven-resolver-connector-basic-1.9.22.jar;C:\Users\user\.m2\repository\org\apache\maven\resolver\maven-resolver-transport-wagon\1.9.22\maven-resolver-transport-wagon-1.9.22.jar;C:\Users\user\.m2\repository\org\apache\maven\wagon\wagon-http\3.5.3\wagon-http-3.5.3.jar;C:\Users\user\.m2\repository\org\apache\maven\wagon\wagon-file\3.5.3\wagon-file-3.5.3.jar;C:\Users\user\.m2\repository\io\quarkus\quarkus-bootstrap-gradle-resolver\3.16.0\quarkus-bootstrap-gradle-resolver-3.16.0.jar;C:\Users\user\.m2\repository\io\smallrye\jandex\3.2.2\jandex-3.2.2.jar;C:\Users\user\.m2\repository\org\jboss\logging\commons-logging-jboss-logging\1.0.0.Final\commons-logging-jboss-logging-1.0.0.Final.jar;C:\Users\user\.m2\repository\io\quarkus\quarkus-junit5-properties\3.16.0\quarkus-junit5-properties-3.16.0.jar;C:\Users\user\.m2\repository\io\quarkus\quarkus-core\3.16.0\quarkus-core-3.16.0.jar;C:\Users\user\.m2\repository\jakarta\annotation\jakarta.annotation-api\3.0.0\jakarta.annotation-api-3.0.0.jar;C:\Users\user\.m2\repository\jakarta\enterprise\jakarta.enterprise.cdi-api\4.1.0\jakarta.enterprise.cdi-api-4.1.0.jar;C:\Users\user\.m2\repository\jakarta\enterprise\jakarta.enterprise.lang-model\4.1.0\jakarta.enterprise.lang-model-4.1.0.jar;C:\Users\user\.m2\repository\jakarta\el\jakarta.el-api\6.0.0\jakarta.el-api-6.0.0.jar;C:\Users\user\.m2\repository\jakarta\interceptor\jakarta.interceptor-api\2.2.0\jakarta.interceptor-api-2.2.0.jar;C:\Users\user\.m2\repository\jakarta\inject\jakarta.inject-api\2.0.1\jakarta.inject-api-2.0.1.jar;C:\Users\user\.m2\repository\io\smallrye\common\smallrye-common-os\2.7.0\smallrye-common-os-2.7.0.jar;C:\Users\user\.m2\repository\io\quarkus\quarkus-ide-launcher\3.16.0\quarkus-ide-launcher-3.16.0.jar;C:\Users\user\.m2\repository\io\quarkus\quarkus-development-mode-spi\3.16.0\quarkus-development-mode-spi-3.16.0.jar;C:\Users\user\.m2\repository\io\smallrye\config\smallrye-config\3.9.1\smallrye-config-3.9.1.jar;C:\Users\user\.m2\repository\io\smallrye\config\smallrye-config-core\3.9.1\smallrye-config-core-3.9.1.jar;C:\Users\user\.m2\repository\org\eclipse\microprofile\config\microprofile-config-api\3.1\microprofile-config-api-3.1.jar;C:\Users\user\.m2\repository\io\smallrye\common\smallrye-common-classloader\2.4.0\smallrye-common-classloader-2.4.0.jar;C:\Users\user\.m2\repository\io\smallrye\config\smallrye-config-common\3.9.1\smallrye-config-common-3.9.1.jar;C:\Users\user\.m2\repository\org\jboss\logging\jboss-logging\3.6.1.Final\jboss-logging-3.6.1.Final.jar;C:\Users\user\.m2\repository\org\jboss\logmanager\jboss-logmanager\3.0.6.Final\jboss-logmanager-3.0.6.Final.jar;C:\Users\user\.m2\repository\io\smallrye\common\smallrye-common-constraint\2.2.0\smallrye-common-constraint-2.2.0.jar;C:\Users\user\.m2\repository\io\smallrye\common\smallrye-common-cpu\2.2.0\smallrye-common-cpu-2.2.0.jar;C:\Users\user\.m2\repository\io\smallrye\common\smallrye-common-expression\2.2.0\smallrye-common-expression-2.2.0.jar;C:\Users\user\.m2\repository\io\smallrye\common\smallrye-common-net\2.2.0\smallrye-common-net-2.2.0.jar;C:\Users\user\.m2\repository\io\smallrye\common\smallrye-common-ref\2.2.0\smallrye-common-ref-2.2.0.jar;C:\Users\user\.m2\repository\jakarta\json\jakarta.json-api\2.1.3\jakarta.json-api-2.1.3.jar;C:\Users\user\.m2\repository\org\eclipse\parsson\parsson\1.1.6\parsson-1.1.6.jar;C:\Users\user\.m2\repository\org\jboss\logging\jboss-logging-annotations\3.0.2.Final\jboss-logging-annotations-3.0.2.Final.jar;C:\Users\user\.m2\repository\org\jboss\threads\jboss-threads\3.8.0.Final\jboss-threads-3.8.0.Final.jar;C:\Users\user\.m2\repository\io\smallrye\common\smallrye-common-annotation\2.6.0\smallrye-common-annotation-2.6.0.jar;C:\Users\user\.m2\repository\io\smallrye\common\smallrye-common-function\2.6.0\smallrye-common-function-2.6.0.jar;C:\Users\user\.m2\repository\org\jboss\slf4j\slf4j-jboss-logmanager\2.0.0.Final\slf4j-jboss-logmanager-2.0.0.Final.jar;C:\Users\user\.m2\repository\org\wildfly\common\wildfly-common\1.7.0.Final\wildfly-common-1.7.0.Final.jar;C:\Users\user\.m2\repository\io\quarkus\quarkus-bootstrap-runner\3.16.0\quarkus-bootstrap-runner-3.16.0.jar;C:\Users\user\.m2\repository\io\github\crac\org-crac\0.1.3\org-crac-0.1.3.jar;C:\Users\user\.m2\repository\io\quarkus\quarkus-fs-util\0.0.10\quarkus-fs-util-0.0.10.jar;C:\Users\user\.m2\repository\org\jboss\marshalling\jboss-marshalling\2.2.1.Final\jboss-marshalling-2.2.1.Final.jar;C:\Users\user\.m2\repository\org\junit\jupiter\junit-jupiter-engine\5.8.1\junit-jupiter-engine-5.8.1.jar;C:\Users\user\.m2\repository\org\junit\platform\junit-platform-engine\1.10.2\junit-platform-engine-1.10.2.jar;C:\Users\user\.m2\repository\org\apiguardian\apiguardian-api\1.1.2\apiguardian-api-1.1.2.jar;"/>
    <property name="sun.cpu.endian" value="little"/>
    <property name="user.home" value="C:\Users\user"/>
    <property name="user.language" value="he"/>
    <property name="java.specification.vendor" value="Oracle Corporation"/>
    <property name="java.version.date" value="2024-07-16"/>
    <property name="java.home" value="C:\Program Files\Java\jdk-22.0.2"/>
    <property name="file.separator" value="\"/>
    <property name="basedir" value="C:\AutomationInfrastructure"/>
    <property name="java.vm.compressedOopsMode" value="Zero based"/>
    <property name="line.separator" value="&#10;"/>
    <property name="java.vm.specification.vendor" value="Oracle Corporation"/>
    <property name="java.specification.name" value="Java Platform API Specification"/>
    <property name="surefire.real.class.path" value="C:\Users\user\AppData\Local\Temp\surefire14772235568613161096\surefirebooter1570884432670477744.jar"/>
    <property name="user.script" value=""/>
    <property name="sun.management.compiler" value="HotSpot 64-Bit Tiered Compilers"/>
    <property name="java.runtime.version" value="22.0.2+9-70"/>
    <property name="user.name" value="user"/>
    <property name="stdout.encoding" value="Cp1255"/>
    <property name="path.separator" value=";"/>
    <property name="os.version" value="10.0"/>
    <property name="java.runtime.name" value="Java(TM) SE Runtime Environment"/>
    <property name="file.encoding" value="UTF-8"/>
    <property name="java.vm.name" value="Java HotSpot(TM) 64-Bit Server VM"/>
    <property name="localRepository" value="C:\Users\user\.m2\repository"/>
    <property name="java.vendor.url.bug" value="https://bugreport.java.com/bugreport/"/>
    <property name="java.io.tmpdir" value="C:\Users\user\AppData\Local\Temp\"/>
    <property name="java.version" value="22.0.2"/>
    <property name="user.dir" value="C:\AutomationInfrastructure"/>
    <property name="os.arch" value="amd64"/>
    <property name="java.vm.specification.name" value="Java Virtual Machine Specification"/>
    <property name="sun.os.patch.level" value=""/>
    <property name="native.encoding" value="Cp1255"/>
    <property name="java.library.path" value="C:\Program Files\Java\jdk-22.0.2\bin;C:\Windows\Sun\Java\bin;C:\Windows\system32;C:\Windows;C:\Program Files\Java\jdk-22.0.2\bin;C:\Users\user\anaconda3\condabin;C:\ProgramData\Oracle\Java\javapath;C:\Program Files (x86)\Common Files\Oracle\Java\javapath;C:\Windows\system32;C:\Windows;C:\Windows\System32\Wbem;C:\Windows\System32\WindowsPowerShell\v1.0\;C:\Windows\System32\OpenSSH\;C:\Program Files\dotnet\;C:\Program Files (x86)\NVIDIA Corporation\PhysX\Common;C:\Program Files\Microsoft SQL Server\150\Tools\Binn\;C:\Program Files\Microsoft SQL Server\Client SDK\ODBC\170\Tools\Binn\;C:\Program Files (x86)\Windows Kits\10\Windows Performance Toolkit\;C:\Program Files (x86)\dotnet\;C:\Program Files\Java\jdk-22.0.2\bin;C:\Program Files\Git\cmd;C:\Users\user\anaconda3;C:\Program Files\nodejs\;C:\תכנות\apache-maven-3.9.9\bin;C:\תכנות\allure-2.30.0\bin;C:\Users\user\AppData\Local\Microsoft\WindowsApps;C:\Users\user\AppData\Local\Programs\Microsoft VS Code\bin;C:\Users\user\.dotnet\tools;C:\Program Files\Java\jdk-22.0.2\bin;C:\Users\user\anaconda3\condabin;C:\ProgramData\Oracle\Java\javapath;C:\Program Files (x86)\Common Files\Oracle\Java\javapath;C:\Windows\system32;C:\Windows;C:\Windows\System32\Wbem;C:\Windows\System32\WindowsPowerShell\v1.0\;C:\Windows\System32\OpenSSH\;C:\Program Files\dotnet\;C:\Program Files (x86)\NVIDIA Corporation\PhysX\Common;C:\Program Files\Microsoft SQL Server\150\Tools\Binn\;C:\Program Files\Microsoft SQL Server\Client SDK\ODBC\170\Tools\Binn\;C:\Program Files (x86)\Windows Kits\10\Windows Performance Toolkit\;C:\Program Files (x86)\dotnet\;C:\Program Files\Java\jdk-22.0.2\bin;C:\Program Files\Git\cmd;C:\Users\user\anaconda3;C:\Program Files\nodejs\;C:\תכנות\apache-maven-3.9.9\bin;C:\תכנות\allure-2.30.0\bin;;C:\Program Files\Git\bin;C:\Users\user\anaconda3;C:\Users\user\AppData\Roaming\npm;C:\Program Files\JetBrains\IntelliJ IDEA 2024.2.1\bin;;."/>
    <property name="java.vm.info" value="mixed mode, sharing"/>
    <property name="stderr.encoding" value="Cp1255"/>
    <property name="java.vendor" value="Oracle Corporation"/>
    <property name="java.vm.version" value="22.0.2+9-70"/>
    <property name="sun.io.unicode.encoding" value="UnicodeLittle"/>
    <property name="java.class.version" value="66.0"/>
  </properties>
  <testcase name="testExample" classname="TestExample" time="0.133">
    <error type="java.lang.IllegalStateException"><![CDATA[java.lang.IllegalStateException: The path to the driver executable must be set by the webdriver.chrome.driver system property; for more information, see https://github.com/SeleniumHQ/selenium/wiki/ChromeDriver. The latest version can be downloaded from http://chromedriver.storage.googleapis.com/index.html
	at TestExample.testExample(TestExample.java:13)
]]></error>
    <system-err><![CDATA[BasicLoggingEnabler failed to retrieve config: java.lang.NoSuchMethodError: 'int io.smallrye.common.constraint.Assert.checkMinimumParameter(java.lang.String, int, int)'
]]></system-err>
  </testcase>
</testsuite>